TN:
SF:src\metrics.js
FN:11,metricsMiddleware
FN:14,(anonymous_1)
FN:24,metricsHandler
FN:47,(anonymous_3)
FNF:4
FNH:2
FNDA:7,metricsMiddleware
FNDA:7,(anonymous_1)
FNDA:0,metricsHandler
FNDA:0,(anonymous_3)
DA:4,1
DA:7,1
DA:8,1
DA:9,1
DA:12,7
DA:14,7
DA:15,7
DA:16,7
DA:17,7
DA:18,7
DA:21,7
DA:25,0
DA:27,0
DA:47,0
DA:55,0
DA:56,0
DA:59,1
LF:17
LH:12
BRDA:18,0,0,7
BRDA:18,0,1,1
BRF:2
BRH:2
end_of_record
TN:
SF:src\server.js
FN:12,(anonymous_0)
FN:28,(anonymous_1)
FNF:2
FNH:2
FNDA:1,(anonymous_0)
FNDA:1,(anonymous_1)
DA:1,1
DA:2,1
DA:3,1
DA:4,1
DA:5,1
DA:7,1
DA:8,1
DA:9,1
DA:10,1
DA:12,1
DA:13,1
DA:17,1
DA:19,1
DA:22,1
DA:24,1
DA:27,1
DA:28,1
DA:29,1
DA:33,1
LF:19
LH:19
BRDA:24,0,0,1
BRDA:24,0,1,1
BRDA:27,1,0,1
BRDA:27,1,1,0
BRF:4
BRH:3
end_of_record
TN:
SF:src\swagger-ui.js
FNF:0
FNH:0
DA:1,2
DA:2,2
DA:3,2
DA:5,2
DA:6,2
DA:9,2
DA:10,2
DA:12,2
LF:8
LH:8
BRF:0
BRH:0
end_of_record
TN:
SF:src\swagger.js
FN:5,loadOpenApiYaml
FNF:1
FNH:1
FNDA:3,loadOpenApiYaml
DA:1,2
DA:2,2
DA:3,2
DA:6,3
DA:7,3
DA:8,3
DA:11,2
LF:7
LH:7
BRF:0
BRH:0
end_of_record
TN:
SF:src\controllers\recipesController.js
FN:3,getAllRecipes
FN:7,getRecipeById
FN:9,(anonymous_2)
FN:16,searchRecipesByIngredient
FN:21,(anonymous_4)
FN:22,(anonymous_5)
FNF:6
FNH:6
FNDA:2,getAllRecipes
FNDA:5,getRecipeById
FNDA:32,(anonymous_2)
FNDA:4,searchRecipesByIngredient
FNDA:20,(anonymous_4)
FNDA:92,(anonymous_5)
DA:1,2
DA:4,2
DA:8,5
DA:9,32
DA:10,5
DA:11,3
DA:13,2
DA:17,4
DA:18,4
DA:19,2
DA:21,2
DA:22,92
DA:24,2
DA:27,2
LF:14
LH:14
BRDA:10,0,0,3
BRDA:10,0,1,2
BRDA:17,1,0,4
BRDA:17,1,1,2
BRDA:18,2,0,2
BRDA:18,2,1,2
BRF:6
BRH:6
end_of_record
